\BOOKMARK [0][-]{dummy.1}{\376\377\000D\000e\000c\000l\000a\000r\000a\000t\000i\000o\000n\000\040\000o\000f\000\040\000A\000u\000t\000h\000o\000r\000s\000h\000i\000p}{}% 1
\BOOKMARK [0][-]{dummy.2}{\376\377\000A\000b\000s\000t\000r\000a\000c\000t}{}% 2
\BOOKMARK [0][-]{dummy.3}{\376\377\000A\000c\000k\000n\000o\000w\000l\000e\000d\000g\000e\000m\000e\000n\000t\000s}{}% 3
\BOOKMARK [0][-]{dummy.4}{\376\377\000C\000o\000n\000t\000e\000n\000t\000s}{}% 4
\BOOKMARK [0][-]{dummy.6}{\376\377\000A\000b\000b\000r\000e\000v\000i\000a\000t\000i\000o\000n\000s}{}% 5
\BOOKMARK [1][-]{section.10}{\376\377\0000\000.\0001\000\040\000W\000h\000a\000t\000\040\000i\000s\000\040\000a\000\040\000P\000h\000y\000s\000i\000c\000s\000\040\000S\000i\000m\000u\000l\000a\000t\000i\000o\000n\000?}{dummy.6}% 6
\BOOKMARK [1][-]{section.11}{\376\377\0000\000.\0002\000\040\000M\000e\000t\000h\000o\000d\000s\000\040\000o\000f\000\040\000P\000r\000o\000d\000u\000c\000i\000n\000g\000\040\000a\000\040\000S\000i\000m\000u\000l\000a\000t\000i\000o\000n}{dummy.6}% 7
\BOOKMARK [2][-]{subsection.14}{\376\377\0000\000.\0002\000.\0001\000\040\000T\000h\000e\000\040\000C\000o\000d\000e}{section.11}% 8
\BOOKMARK [0][-]{chapter.27}{\376\377\0001\000\040\000S\000o\000m\000e\000\040\000B\000a\000s\000i\000c\000\040\000S\000i\000m\000u\000l\000a\000t\000i\000o\000n\000s}{}% 9
\BOOKMARK [1][-]{section.28}{\376\377\0001\000.\0001\000\040\000B\000a\000s\000i\000c\000\040\000B\000a\000l\000l\000\040\000B\000o\000u\000n\000c\000i\000n\000g}{chapter.27}% 10
\BOOKMARK [1][-]{section.86}{\376\377\0001\000.\0002\000\040\000M\000o\000r\000e\000\040\000A\000d\000v\000a\000n\000c\000e\000d\000\040\000B\000a\000l\000l\000\040\000B\000o\000u\000n\000c\000i\000n\000g}{chapter.27}% 11
\BOOKMARK [2][-]{subsection.87}{\376\377\0001\000.\0002\000.\0001\000\040\000B\000a\000c\000k\000g\000r\000o\000u\000n\000d\000\040\000P\000h\000y\000s\000i\000c\000s}{section.86}% 12
\BOOKMARK [2][-]{subsection.91}{\376\377\0001\000.\0002\000.\0002\000\040\000T\000h\000e\000\040\000C\000o\000d\000e}{section.86}% 13
\BOOKMARK [1][-]{section.135}{\376\377\0001\000.\0003\000\040\000M\000u\000l\000t\000i\000p\000l\000e\000\040\000B\000o\000u\000n\000c\000i\000n\000g\000\040\000B\000a\000l\000l\000s}{chapter.27}% 14
\BOOKMARK [2][-]{subsection.136}{\376\377\0001\000.\0003\000.\0001\000\040\000T\000h\000e\000\040\000C\000o\000d\000e}{section.135}% 15
\BOOKMARK [0][-]{chapter.201}{\376\377\0002\000\040\000S\000i\000m\000u\000l\000a\000t\000i\000n\000g\000\040\000O\000r\000b\000i\000t\000s}{}% 16
\BOOKMARK [1][-]{section.202}{\376\377\0002\000.\0001\000\040\000B\000a\000s\000i\000c\000\040\000O\000r\000b\000i\000t\000\040\000P\000a\000t\000h}{chapter.201}% 17
\BOOKMARK [2][-]{subsection.203}{\376\377\0002\000.\0001\000.\0001\000\040\000B\000a\000c\000k\000g\000r\000o\000u\000n\000d\000\040\000P\000h\000y\000s\000i\000c\000s}{section.202}% 18
\BOOKMARK [2][-]{subsection.205}{\376\377\0002\000.\0001\000.\0002\000\040\000T\000h\000e\000\040\000C\000o\000d\000e}{section.202}% 19
\BOOKMARK [1][-]{section.300}{\376\377\0002\000.\0002\000\040\000E\000s\000c\000a\000p\000e\000\040\000V\000e\000l\000o\000c\000i\000t\000y}{chapter.201}% 20
\BOOKMARK [1][-]{section.321}{\376\377\0002\000.\0003\000\040\000K\000e\000p\000l\000e\000r\000'\000s\000\040\000L\000a\000w\000s}{chapter.201}% 21
\BOOKMARK [0][-]{chapter.344}{\376\377\0003\000\040\000R\000i\000g\000i\000d\000\040\000B\000o\000d\000y\000\040\000M\000o\000t\000i\000o\000n}{}% 22
\BOOKMARK [1][-]{section.345}{\376\377\0003\000.\0001\000\040\000A\000n\000g\000u\000l\000a\000r\000\040\000M\000o\000m\000e\000n\000t\000u\000m\000\040\000a\000n\000d\000\040\000T\000o\000r\000q\000u\000e}{chapter.344}% 23
\BOOKMARK [1][-]{section.354}{\376\377\0003\000.\0002\000\040\000T\000h\000e\000\040\000C\000o\000d\000e}{chapter.344}% 24
\BOOKMARK [0][-]{chapter.424}{\376\377\0004\000\040\000C\000o\000n\000c\000l\000u\000s\000i\000o\000n}{}% 25
\BOOKMARK [0][-]{appendix.429}{\376\377\000A\000\040\000F\000u\000l\000l\000\040\000C\000o\000d\000e\000\040\000L\000i\000s\000t\000i\000n\000g\000s\000\040\000F\000r\000o\000m\000\040\000C\000h\000.\000\040\0001}{}% 26
\BOOKMARK [1][-]{section.430}{\376\377\000A\000.\0001\000\040\000S\000i\000m\000u\000l\000a\000t\000i\000o\000n\000\040\000\043\0001\000:\000\040\000S\000i\000m\000p\000l\000e\000\040\000B\000a\000l\000l\000\040\000B\000o\000u\000n\000c\000i\000n\000g}{appendix.429}% 27
\BOOKMARK [1][-]{section.482}{\376\377\000A\000.\0002\000\040\000S\000i\000m\000u\000l\000a\000t\000i\000o\000n\000\040\000\043\0002\000:\000\040\000M\000o\000r\000e\000\040\000A\000d\000v\000a\000n\000c\000e\000d\000\040\000B\000a\000l\000l\000\040\000B\000o\000u\000n\000c\000i\000n\000g}{appendix.429}% 28
\BOOKMARK [1][-]{section.543}{\376\377\000A\000.\0003\000\040\000S\000i\000m\000u\000l\000a\000t\000i\000o\000n\000\040\000\043\0003\000:\000\040\000M\000u\000l\000t\000i\000p\000l\000e\000\040\000B\000a\000l\000l\000s\000\040\000B\000o\000u\000n\000c\000i\000n\000g}{appendix.429}% 29
\BOOKMARK [0][-]{appendix.633}{\376\377\000B\000\040\000F\000u\000l\000l\000\040\000C\000o\000d\000e\000\040\000L\000i\000s\000t\000i\000n\000g\000s\000\040\000F\000r\000o\000m\000\040\000C\000h\000.\000\040\0002}{}% 30
\BOOKMARK [1][-]{section.634}{\376\377\000B\000.\0001\000\040\000S\000i\000m\000u\000l\000a\000t\000i\000o\000n\000\040\000\043\0004\000:\000\040\000S\000i\000m\000p\000l\000e\000\040\000O\000r\000b\000i\000t}{appendix.633}% 31
\BOOKMARK [1][-]{section.697}{\376\377\000B\000.\0002\000\040\000S\000i\000m\000u\000l\000a\000t\000i\000o\000n\000\040\000\043\0005\000:\000\040\000E\000s\000c\000a\000p\000e\000\040\000V\000e\000l\000o\000c\000i\000t\000y}{appendix.633}% 32
\BOOKMARK [1][-]{section.766}{\376\377\000B\000.\0003\000\040\000S\000i\000m\000u\000l\000a\000t\000i\000o\000n\000\040\000\043\0006\000:\000\040\000K\000e\000p\000l\000e\000r\000'\000s\000\040\0002\000n\000d\000\040\000L\000a\000w}{appendix.633}% 33
\BOOKMARK [0][-]{appendix.844}{\376\377\000C\000\040\000F\000u\000l\000l\000\040\000C\000o\000d\000e\000\040\000L\000i\000s\000t\000i\000n\000g\000s\000\040\000F\000r\000o\000m\000\040\000C\000h\000.\000\040\0003}{}% 34
\BOOKMARK [1][-]{section.845}{\376\377\000C\000.\0001\000\040\000S\000i\000m\000u\000l\000a\000t\000i\000o\000n\000\040\000\043\0007\000:\000\040\000R\000o\000t\000a\000t\000i\000o\000n\000a\000l\000\040\000M\000o\000t\000i\000o\000n}{appendix.844}% 35
\BOOKMARK [0][-]{appendix.915}{\376\377\000D\000\040\000`\000`\000T\000o\000o\000l\000s\000'\000'\000\040\000C\000o\000d\000e\000\040\000U\000s\000e\000d\000\040\000F\000r\000o\000m\000\040\000D\000e\000v\000\040\000R\000a\000m\000t\000a\000l\000\040\000B\000o\000o\000k}{}% 36
\BOOKMARK [1][-]{section.916}{\376\377\000D\000.\0001\000\040\000V\000e\000c\000t\000o\000r\000\040\0002\000D\000\040\000C\000o\000d\000e}{appendix.915}% 37
\BOOKMARK [1][-]{section.974}{\376\377\000D\000.\0002\000\040\000F\000o\000r\000c\000e\000s\000\040\000C\000o\000d\000e}{appendix.915}% 38
\BOOKMARK [1][-]{section.1007}{\376\377\000D\000.\0003\000\040\000P\000o\000l\000y\000g\000o\000n\000\040\000C\000o\000d\000e}{appendix.915}% 39
\BOOKMARK [0][-]{dummy.1090}{\376\377\000B\000i\000b\000l\000i\000o\000g\000r\000a\000p\000h\000y}{}% 40
